<?xml version="1.0" encoding="UTF-8"?>
<!-- Generated by org.testng.reporters.JUnitReportReporter -->
<testsuite skipped="0" hostname="YUVA-PC" name="Tests.AddToCartItem" tests="1" failures="0" timestamp="27 Jul 2020 11:40:56 GMT" time="123.244" errors="0">
  <testcase name="TC_01" time="123.244" classname="Tests.AddToCartItem"/>
</testsuite> <!-- Tests.AddToCartItem -->
