<?xml version="1.0" encoding="UTF-8"?>
<!-- Generated by org.testng.reporters.JUnitReportReporter -->
<testsuite skipped="0" hostname="YUVA-PC" name="framework.HomePage" tests="1" failures="0" timestamp="09 Jul 2020 08:17:21 GMT" time="29.240" errors="0">
  <testcase name="basePagenavigation" time="29.240" classname="framework.HomePage"/>
</testsuite> <!-- framework.HomePage -->
