<?xml version="1.0" encoding="UTF-8"?>
<!-- Generated by org.testng.reporters.JUnitReportReporter -->
<testsuite skipped="0" hostname="YUVA-PC" name="Tests.SearchFunctionality" tests="2" failures="0" timestamp="28 Jul 2020 13:08:08 GMT" time="2.187" errors="0">
  <testcase name="validate_Search" time="1.578" classname="Tests.SearchFunctionality"/>
  <testcase name="TC_01" time="0.609" classname="Tests.SearchFunctionality"/>
</testsuite> <!-- Tests.SearchFunctionality -->
